1492784784.080561 client started (28208): version 2.4, socket /private/tmp/tmux-501/default, protocol 8
1492784784.080587 on Darwin 16.5.0 Darwin Kernel Version 16.5.0: Fri Mar  3 16:52:33 PST 2017; root:xnu-3789.51.2~3/RELEASE_X86_64; libevent 2.1.8-stable (select)
1492784784.080622 socket is /private/tmp/tmux-501/default
1492784784.080637 trying connect
1492784784.080735 add peer 0x7fb5d901c800: 6 (0x0)
1492784784.081610 sending message 100 to peer 0x7fb5d901c800 (4 bytes)
1492784784.081622 sending message 101 to peer 0x7fb5d901c800 (15 bytes)
1492784784.081626 sending message 102 to peer 0x7fb5d901c800 (13 bytes)
1492784784.081629 sending message 108 to peer 0x7fb5d901c800 (36 bytes)
1492784784.081637 sending message 104 to peer 0x7fb5d901c800 (0 bytes)
1492784784.081640 sending message 107 to peer 0x7fb5d901c800 (4 bytes)
1492784784.081643 sending message 105 to peer 0x7fb5d901c800 (76 bytes)
1492784784.081646 sending message 105 to peer 0x7fb5d901c800 (14 bytes)
1492784784.081648 sending message 105 to peer 0x7fb5d901c800 (15 bytes)
1492784784.081651 sending message 105 to peer 0x7fb5d901c800 (24 bytes)
1492784784.081654 sending message 105 to peer 0x7fb5d901c800 (19 bytes)
1492784784.081656 sending message 105 to peer 0x7fb5d901c800 (22 bytes)
1492784784.081659 sending message 105 to peer 0x7fb5d901c800 (61 bytes)
1492784784.081662 sending message 105 to peer 0x7fb5d901c800 (15 bytes)
1492784784.081664 sending message 105 to peer 0x7fb5d901c800 (8 bytes)
1492784784.081667 sending message 105 to peer 0x7fb5d901c800 (15 bytes)
1492784784.081669 sending message 105 to peer 0x7fb5d901c800 (32 bytes)
1492784784.081672 sending message 105 to peer 0x7fb5d901c800 (797 bytes)
1492784784.081675 sending message 105 to peer 0x7fb5d901c800 (35 bytes)
1492784784.081678 sending message 105 to peer 0x7fb5d901c800 (11 bytes)
1492784784.081680 sending message 105 to peer 0x7fb5d901c800 (190 bytes)
1492784784.081683 sending message 105 to peer 0x7fb5d901c800 (40 bytes)
1492784784.081685 sending message 105 to peer 0x7fb5d901c800 (16 bytes)
1492784784.081688 sending message 105 to peer 0x7fb5d901c800 (24 bytes)
1492784784.081691 sending message 105 to peer 0x7fb5d901c800 (15 bytes)
1492784784.081693 sending message 105 to peer 0x7fb5d901c800 (8 bytes)
1492784784.081696 sending message 105 to peer 0x7fb5d901c800 (66 bytes)
1492784784.081698 sending message 105 to peer 0x7fb5d901c800 (20 bytes)
1492784784.081701 sending message 105 to peer 0x7fb5d901c800 (23 bytes)
1492784784.081704 sending message 105 to peer 0x7fb5d901c800 (28 bytes)
1492784784.081706 sending message 105 to peer 0x7fb5d901c800 (60 bytes)
1492784784.081709 sending message 105 to peer 0x7fb5d901c800 (57 bytes)
1492784784.081712 sending message 105 to peer 0x7fb5d901c800 (41 bytes)
1492784784.081714 sending message 105 to peer 0x7fb5d901c800 (13 bytes)
1492784784.081717 sending message 105 to peer 0x7fb5d901c800 (12 bytes)
1492784784.081720 sending message 105 to peer 0x7fb5d901c800 (14 bytes)
1492784784.081722 sending message 105 to peer 0x7fb5d901c800 (19 bytes)
1492784784.081725 sending message 105 to peer 0x7fb5d901c800 (29 bytes)
1492784784.081727 sending message 105 to peer 0x7fb5d901c800 (22 bytes)
1492784784.081730 sending message 105 to peer 0x7fb5d901c800 (38 bytes)
1492784784.081733 sending message 105 to peer 0x7fb5d901c800 (84 bytes)
1492784784.081735 sending message 105 to peer 0x7fb5d901c800 (17 bytes)
1492784784.081738 sending message 105 to peer 0x7fb5d901c800 (15 bytes)
1492784784.081741 sending message 106 to peer 0x7fb5d901c800 (0 bytes)
1492784784.081745 sending message 200 to peer 0x7fb5d901c800 (4 bytes)
1492784784.081748 client loop enter
1492784784.081940 peer 0x7fb5d901c800 message 211
1492784784.081954 peer 0x7fb5d901c800 message 203
1492784784.081957 client loop exit
